Revision 8adb2d9
Author 312187
Date 2012-05-16 14:58:27 +0530
Message added my test
 my file.txt |    1 +
 my test.txt |    1 +
 2 files changed, 2 insertions(+)

Revision 9957bfc
Author 311757
Date 2012-05-15 10:55:14 +0530
Message modified for test
 ahmed |    6 +++++-
 hhhh  |    2 +-
 2 files changed, 6 insertions(+), 2 deletions(-)

Revision 8ff42c7
Author 311757
Date 2012-05-15 10:48:31 +0530
Message Added by Hussain Ahmed
 ahmed |    4 +++-
 1 file changed, 3 insertions(+), 1 deletion(-)

Revision 749e51a
Author 312187
Date 2012-05-14 15:28:17 +0530
Message modified
 ;rg[git log   |  283 ---------------------------------------------------------
 aaaaa         |    1 -
 ahmed         |    2 +-
 ever          |    1 -
 evergreen     |    1 -
 final.txt     |    1 -
 gitsample.txt |    4 -
 hey           |    1 -
 hhhh          |    7 +-
 kkk           |   30 ------
 kkk.pub       |    1 -
 kkkkk         |    8 --
 last          |    1 -
 last2         |    1 -
 samp          |    4 -
 test.txt      |    1 -
 test2.txt     |    1 -
 test3.txt     |    1 -
 tmrw          |    2 -
 today         |    1 -
 zzzzzzzzz     |    2 -
 21 files changed, 7 insertions(+), 347 deletions(-)

Revision 96197c9
Author 312187
Date 2012-05-14 14:57:24 +0530
Message gdfhgdfh
 raj.txt |    1 +
 1 file changed, 1 insertion(+)

Revision 343684d
Author 311700
Date 2012-05-14 11:49:08 +0530
Message hello
 hhhh |    1 +
 1 file changed, 1 insertion(+)

Revision 3d0a7c1
Author 311757
Date 2012-05-14 11:32:20 +0530
Message haha
 hey |    1 +
 1 file changed, 1 insertion(+)

Revision 78991bd
Author Huss
Date 2012-05-14 11:29:58 +0530
Message awrasegseg
 last2 |    1 +
 1 file changed, 1 insertion(+)

Revision 4387b16
Author Huss
Date 2012-05-14 11:21:43 +0530
Message mewwwwww
 last |    1 +
 1 file changed, 1 insertion(+)

Revision baaefe8
Author Huss
Date 2012-05-14 11:17:48 +0530
Message sskdasdakjs
 zzzzzzzzz |    2 ++
 1 file changed, 2 insertions(+)

Revision a1dac60
Author Huss
Date 2012-05-14 11:09:00 +0530
Message huss
 aaaaa |    1 +
 1 file changed, 1 insertion(+)

Revision b3ddf68
Author HUSSAIN AHMED
Date 2012-05-14 11:06:25 +0530
Message changed'
 ;rg[git log |  283 +++++++++++++++++++++++++++++++++++++++++++++++++++++++++++
 Hussain1    |    1 +
 ever        |    1 +
 kkk         |   30 +++++++
 kkk.pub     |    1 +
 5 files changed, 316 insertions(+)

Revision 570e17a
Author HUSSAIN AHMED
Date 2012-05-14 11:03:46 +0530
Message kskdaj
 tmrw |    2 ++
 1 file changed, 2 insertions(+)

Revision 8cd34f8
Author HUSSAIN AHMED
Date 2012-05-10 12:14:15 +0530
Message added by MHA
 evergreen |    1 +
 1 file changed, 1 insertion(+)

Revision d7340b5
Author HUSSAIN AHMED
Date 2012-05-09 14:54:31 +0530
Message sdklh
 final.txt |    1 +
 1 file changed, 1 insertion(+)

Revision 8362541
Author HUSSAIN AHMED
Date 2012-05-09 14:48:27 +0530
Message null
 test3.txt |    1 +
 1 file changed, 1 insertion(+)

Revision 98ba64d
Author HUSSAIN AHMED
Date 2012-05-09 12:18:31 +0530
Message wonder
 today |    1 +
 1 file changed, 1 insertion(+)

Revision 0414707
Author HUSSAIN AHMED
Date 2012-05-08 11:53:24 +0530
Message sdfgsfG
 test2.txt |    1 +
 1 file changed, 1 insertion(+)

Revision b6c3f21
Author HUSSAIN AHMED
Date 2012-05-08 11:46:54 +0530
Message added
 test.txt |    1 +
 1 file changed, 1 insertion(+)

Revision 9f2a0c2
Author HUSSAIN AHMED
Date 2012-05-08 11:20:20 +0530
Message files deleted
 .hhaa.swp |  Bin 12288 -> 0 bytes
 abc.txt   |    6 ------
 saaa      |    1 -
 3 files changed, 7 deletions(-)

Revision 5a89d7a
Author HUSSAIN AHMED
Date 2012-05-08 10:45:27 +0530
Message gdrg
 saaa |    1 +
 1 file changed, 1 insertion(+)

Revision 6cbc5b0
Author HUSSAIN AHMED
Date 2012-05-08 10:36:13 +0530
Message gg
 .hhaa.swp |  Bin 0 -> 12288 bytes
 ahmed     |    1 +
 2 files changed, 1 insertion(+)

Revision 2ec6a3f
Author HUSSAIN AHMED
Date 2012-05-08 10:25:59 +0530
Message commit for test
 abc.txt |    6 ++++++
 1 file changed, 6 insertions(+)

Revision 65b2506
Author HUSSAIN AHMED
Date 2012-05-07 11:07:24 +0530
Message modified kkkkk another time
 kkkkk |    4 +++-
 1 file changed, 3 insertions(+), 1 deletion(-)

Revision 7054bfd
Author HUSSAIN AHMED
Date 2012-05-07 11:06:30 +0530
Message modified kkkkk
 kkkkk |    3 +++
 1 file changed, 3 insertions(+)

Revision ad7c02f
Author HUSSAIN AHMED
Date 2012-05-07 11:00:25 +0530
Message added kkkkk
 kkkkk |    3 +++
 1 file changed, 3 insertions(+)

Revision 18914b8
Author HUSSAIN AHMED
Date 2012-05-07 10:24:07 +0530
Message added from git bash
 samp |    4 ++++
 1 file changed, 4 insertions(+)

Revision ee400c5
Author HUSSAIN AHMED
Date 2012-05-03 10:30:32 +0530
Message push to github using git protocol
 gitsample.txt |    1 +
 1 file changed, 1 insertion(+)

Revision ccecaaf
Author Hussain Ahmed
Date 2012-05-03 09:14:59 +0530
Message commited from officePc
 gitsample.txt |    4 +++-
 1 file changed, 3 insertions(+), 1 deletion(-)

Revision e507e89
Author Hussain Ahmed
Date 2012-04-27 16:20:53 +0530
Message added new file for sample
 gitsample.txt |    1 +
 1 file changed, 1 insertion(+)
